<?xml version="1.0" encoding="UTF-8"?>
<!-- Generated by org.testng.reporters.JUnitXMLReporter -->
<testsuite ignored="0" hostname="DESKTOP-28161K9" failures="0" tests="5" name="Default test" time="0.273" errors="0" timestamp="2023-10-30T23:05:20 IST">
  <testcase classname="com.test.testcases.PriorityCheck" name="cba" time="0.025"/>
  <testcase classname="com.test.testcases.PriorityCheck" name="bac" time="0.007"/>
  <testcase classname="com.test.testcases.PriorityCheck" name="ccv" time="0.01"/>
  <testcase classname="com.test.testcases.PriorityCheck" name="dbc" time="0.009"/>
  <testcase classname="com.test.testcases.PriorityCheck" name="abc" time="0.007"/>
</testsuite> <!-- Default test -->
