<?xml version="1.0" encoding="UTF-8"?>
<testng-results ignored="0" total="1" passed="1" failed="0" skipped="0">
  <reporter-output>
  </reporter-output>
  <suite started-at="2023-10-05T22:53:48 IST" name="Suite" finished-at="2023-10-05T22:54:18 IST" duration-ms="29524">
    <groups>
    </groups>
    <test started-at="2023-10-05T22:53:48 IST" name="Test" finished-at="2023-10-05T22:54:18 IST" duration-ms="29524">
      <class name="inetBanking_Automation.TestCases.TC_LoginTest_001">
        <test-method is-config="true" signature="setup(java.lang.String)[pri:0, instance:inetBanking_Automation.TestCases.TC_LoginTest_001@1e6a3214]" started-at="2023-10-05T22:53:48 IST" name="setup" finished-at="2023-10-05T22:53:58 IST" duration-ms="9756" status="PASS">
          <params>
            <param index="0">
              <value>
                <![CDATA[ie]]>
              </value>
            </param>
          </params>
          <reporter-output>
          </reporter-output>
        </test-method> <!-- setup -->
        <test-method signature="loginTest()[pri:0, instance:inetBanking_Automation.TestCases.TC_LoginTest_001@1e6a3214]" started-at="2023-10-05T22:53:58 IST" name="loginTest" finished-at="2023-10-05T22:54:17 IST" duration-ms="19088" status="PASS">
          <reporter-output>
          </reporter-output>
        </test-method> <!-- loginTest -->
        <test-method is-config="true" signature="tearDown()[pri:0, instance:inetBanking_Automation.TestCases.TC_LoginTest_001@1e6a3214]" started-at="2023-10-05T22:54:17 IST" name="tearDown" finished-at="2023-10-05T22:54:18 IST" duration-ms="598" status="PASS">
          <reporter-output>
          </reporter-output>
        </test-method> <!-- tearDown -->
      </class> <!-- inetBanking_Automation.TestCases.TC_LoginTest_001 -->
    </test> <!-- Test -->
  </suite> <!-- Suite -->
</testng-results>
