<?xml version="1.0" encoding="UTF-8"?>
<testng-results ignored="0" total="2" passed="2" failed="0" skipped="0">
  <reporter-output>
  </reporter-output>
  <suite started-at="2023-10-08T22:37:24 IST" name="Default suite" finished-at="2023-10-08T22:38:31 IST" duration-ms="66628">
    <groups>
    </groups>
    <test started-at="2023-10-08T22:37:24 IST" name="Default test" finished-at="2023-10-08T22:38:31 IST" duration-ms="66628">
      <class name="com.test.testcases.TC_LoginTest_001">
        <test-method is-config="true" signature="setup()[pri:0, instance:com.test.testcases.TC_LoginTest_001@60099951]" started-at="2023-10-08T22:37:24 IST" name="setup" finished-at="2023-10-08T22:37:29 IST" duration-ms="4790" status="PASS">
          <reporter-output>
          </reporter-output>
        </test-method> <!-- setup -->
        <test-method signature="loginTest()[pri:0, instance:com.test.testcases.TC_LoginTest_001@60099951]" started-at="2023-10-08T22:37:29 IST" name="loginTest" finished-at="2023-10-08T22:38:30 IST" duration-ms="61154" status="PASS">
          <reporter-output>
          </reporter-output>
        </test-method> <!-- loginTest -->
        <test-method signature="verifyHomeTitle()[pri:0, instance:com.test.testcases.TC_LoginTest_001@60099951]" started-at="2023-10-08T22:38:30 IST" name="verifyHomeTitle" finished-at="2023-10-08T22:38:30 IST" duration-ms="22" status="PASS">
          <reporter-output>
          </reporter-output>
        </test-method> <!-- verifyHomeTitle -->
        <test-method is-config="true" signature="tearDown()[pri:0, instance:com.test.testcases.TC_LoginTest_001@60099951]" started-at="2023-10-08T22:38:30 IST" name="tearDown" finished-at="2023-10-08T22:38:31 IST" duration-ms="546" status="PASS">
          <reporter-output>
          </reporter-output>
        </test-method> <!-- tearDown -->
      </class> <!-- com.test.testcases.TC_LoginTest_001 -->
    </test> <!-- Default test -->
  </suite> <!-- Default suite -->
</testng-results>
